2022-07-01 20:29:04 [INFO    ] (autoreload.run_with_reloader) Watching for file changes with StatReloader
2022-07-01 20:29:04 [INFO    ] (autoreload.run_with_reloader) Watching for file changes with StatReloader
2022-07-01 20:29:06 [INFO    ] (autoreload.run_with_reloader) Watching for file changes with StatReloader
2022-07-01 20:29:06 [INFO    ] (autoreload.run_with_reloader) Watching for file changes with StatReloader
2022-07-01 20:29:12 [INFO    ] (util.log_info) message='Request to Stripe api' method=post path=https://api.stripe.com/v1/checkout/sessions
2022-07-01 20:29:14 [INFO    ] (util.log_info) message='Stripe API response' path=https://api.stripe.com/v1/checkout/sessions response_code=200
2022-07-01 20:29:14 [INFO    ] (basehttp.log_message) "GET /checkout/ordine/17/paga HTTP/1.1" 200 3651
2022-07-01 20:29:14 [INFO    ] (basehttp.log_message) "GET /checkout/ordine/17/paga HTTP/1.1" 200 3651
2022-07-01 20:29:14 [ERROR   ] (log.log_response) Internal Server Error: /webhook
Traceback (most recent call last):
  File "/Users/jonathanlamela/Desktop/Progetti Python/django-menu/myenv/lib/python3.8/site-packages/django/core/handlers/exception.py", line 55, in inner
    response = get_response(request)
  File "/Users/jonathanlamela/Desktop/Progetti Python/django-menu/myenv/lib/python3.8/site-packages/django/utils/deprecation.py", line 133, in __call__
    response = self.process_request(request)
  File "/Users/jonathanlamela/Desktop/Progetti Python/django-menu/myenv/lib/python3.8/site-packages/django/middleware/common.py", line 54, in process_request
    path = self.get_full_path_with_slash(request)
  File "/Users/jonathanlamela/Desktop/Progetti Python/django-menu/myenv/lib/python3.8/site-packages/django/middleware/common.py", line 88, in get_full_path_with_slash
    raise RuntimeError(
RuntimeError: You called this URL via POST, but the URL doesn't end in a slash and you have APPEND_SLASH set. Django can't redirect to the slash URL while maintaining POST data. Change your form to point to 127.0.0.1:8000/webhook/ (note the trailing slash), or set APPEND_SLASH=False in your Django settings.
2022-07-01 20:29:14 [ERROR   ] (log.log_response) Internal Server Error: /webhook
Traceback (most recent call last):
  File "/Users/jonathanlamela/Desktop/Progetti Python/django-menu/myenv/lib/python3.8/site-packages/django/core/handlers/exception.py", line 55, in inner
    response = get_response(request)
  File "/Users/jonathanlamela/Desktop/Progetti Python/django-menu/myenv/lib/python3.8/site-packages/django/utils/deprecation.py", line 133, in __call__
    response = self.process_request(request)
  File "/Users/jonathanlamela/Desktop/Progetti Python/django-menu/myenv/lib/python3.8/site-packages/django/middleware/common.py", line 54, in process_request
    path = self.get_full_path_with_slash(request)
  File "/Users/jonathanlamela/Desktop/Progetti Python/django-menu/myenv/lib/python3.8/site-packages/django/middleware/common.py", line 88, in get_full_path_with_slash
    raise RuntimeError(
RuntimeError: You called this URL via POST, but the URL doesn't end in a slash and you have APPEND_SLASH set. Django can't redirect to the slash URL while maintaining POST data. Change your form to point to 127.0.0.1:8000/webhook/ (note the trailing slash), or set APPEND_SLASH=False in your Django settings.
2022-07-01 20:29:14 [ERROR   ] (basehttp.log_message) "POST /webhook HTTP/1.1" 500 70307
2022-07-01 20:29:14 [ERROR   ] (basehttp.log_message) "POST /webhook HTTP/1.1" 500 70307
2022-07-01 20:29:29 [ERROR   ] (log.log_response) Internal Server Error: /webhook
Traceback (most recent call last):
  File "/Users/jonathanlamela/Desktop/Progetti Python/django-menu/myenv/lib/python3.8/site-packages/django/core/handlers/exception.py", line 55, in inner
    response = get_response(request)
  File "/Users/jonathanlamela/Desktop/Progetti Python/django-menu/myenv/lib/python3.8/site-packages/django/utils/deprecation.py", line 133, in __call__
    response = self.process_request(request)
  File "/Users/jonathanlamela/Desktop/Progetti Python/django-menu/myenv/lib/python3.8/site-packages/django/middleware/common.py", line 54, in process_request
    path = self.get_full_path_with_slash(request)
  File "/Users/jonathanlamela/Desktop/Progetti Python/django-menu/myenv/lib/python3.8/site-packages/django/middleware/common.py", line 88, in get_full_path_with_slash
    raise RuntimeError(
RuntimeError: You called this URL via POST, but the URL doesn't end in a slash and you have APPEND_SLASH set. Django can't redirect to the slash URL while maintaining POST data. Change your form to point to 127.0.0.1:8000/webhook/ (note the trailing slash), or set APPEND_SLASH=False in your Django settings.
2022-07-01 20:29:29 [ERROR   ] (log.log_response) Internal Server Error: /webhook
Traceback (most recent call last):
  File "/Users/jonathanlamela/Desktop/Progetti Python/django-menu/myenv/lib/python3.8/site-packages/django/core/handlers/exception.py", line 55, in inner
    response = get_response(request)
  File "/Users/jonathanlamela/Desktop/Progetti Python/django-menu/myenv/lib/python3.8/site-packages/django/utils/deprecation.py", line 133, in __call__
    response = self.process_request(request)
  File "/Users/jonathanlamela/Desktop/Progetti Python/django-menu/myenv/lib/python3.8/site-packages/django/middleware/common.py", line 54, in process_request
    path = self.get_full_path_with_slash(request)
  File "/Users/jonathanlamela/Desktop/Progetti Python/django-menu/myenv/lib/python3.8/site-packages/django/middleware/common.py", line 88, in get_full_path_with_slash
    raise RuntimeError(
RuntimeError: You called this URL via POST, but the URL doesn't end in a slash and you have APPEND_SLASH set. Django can't redirect to the slash URL while maintaining POST data. Change your form to point to 127.0.0.1:8000/webhook/ (note the trailing slash), or set APPEND_SLASH=False in your Django settings.
2022-07-01 20:29:29 [ERROR   ] (basehttp.log_message) "POST /webhook HTTP/1.1" 500 70307
2022-07-01 20:29:29 [ERROR   ] (basehttp.log_message) "POST /webhook HTTP/1.1" 500 70307
2022-07-01 20:29:29 [ERROR   ] (log.log_response) Internal Server Error: /webhook
Traceback (most recent call last):
  File "/Users/jonathanlamela/Desktop/Progetti Python/django-menu/myenv/lib/python3.8/site-packages/django/core/handlers/exception.py", line 55, in inner
    response = get_response(request)
  File "/Users/jonathanlamela/Desktop/Progetti Python/django-menu/myenv/lib/python3.8/site-packages/django/utils/deprecation.py", line 133, in __call__
    response = self.process_request(request)
  File "/Users/jonathanlamela/Desktop/Progetti Python/django-menu/myenv/lib/python3.8/site-packages/django/middleware/common.py", line 54, in process_request
    path = self.get_full_path_with_slash(request)
  File "/Users/jonathanlamela/Desktop/Progetti Python/django-menu/myenv/lib/python3.8/site-packages/django/middleware/common.py", line 88, in get_full_path_with_slash
    raise RuntimeError(
RuntimeError: You called this URL via POST, but the URL doesn't end in a slash and you have APPEND_SLASH set. Django can't redirect to the slash URL while maintaining POST data. Change your form to point to 127.0.0.1:8000/webhook/ (note the trailing slash), or set APPEND_SLASH=False in your Django settings.
2022-07-01 20:29:29 [ERROR   ] (log.log_response) Internal Server Error: /webhook
Traceback (most recent call last):
  File "/Users/jonathanlamela/Desktop/Progetti Python/django-menu/myenv/lib/python3.8/site-packages/django/core/handlers/exception.py", line 55, in inner
    response = get_response(request)
  File "/Users/jonathanlamela/Desktop/Progetti Python/django-menu/myenv/lib/python3.8/site-packages/django/utils/deprecation.py", line 133, in __call__
    response = self.process_request(request)
  File "/Users/jonathanlamela/Desktop/Progetti Python/django-menu/myenv/lib/python3.8/site-packages/django/middleware/common.py", line 54, in process_request
    path = self.get_full_path_with_slash(request)
  File "/Users/jonathanlamela/Desktop/Progetti Python/django-menu/myenv/lib/python3.8/site-packages/django/middleware/common.py", line 88, in get_full_path_with_slash
    raise RuntimeError(
RuntimeError: You called this URL via POST, but the URL doesn't end in a slash and you have APPEND_SLASH set. Django can't redirect to the slash URL while maintaining POST data. Change your form to point to 127.0.0.1:8000/webhook/ (note the trailing slash), or set APPEND_SLASH=False in your Django settings.
2022-07-01 20:29:29 [ERROR   ] (basehttp.log_message) "POST /webhook HTTP/1.1" 500 70307
2022-07-01 20:29:29 [ERROR   ] (basehttp.log_message) "POST /webhook HTTP/1.1" 500 70307
2022-07-01 20:29:29 [ERROR   ] (log.log_response) Internal Server Error: /webhook
Traceback (most recent call last):
  File "/Users/jonathanlamela/Desktop/Progetti Python/django-menu/myenv/lib/python3.8/site-packages/django/core/handlers/exception.py", line 55, in inner
    response = get_response(request)
  File "/Users/jonathanlamela/Desktop/Progetti Python/django-menu/myenv/lib/python3.8/site-packages/django/utils/deprecation.py", line 133, in __call__
    response = self.process_request(request)
  File "/Users/jonathanlamela/Desktop/Progetti Python/django-menu/myenv/lib/python3.8/site-packages/django/middleware/common.py", line 54, in process_request
    path = self.get_full_path_with_slash(request)
  File "/Users/jonathanlamela/Desktop/Progetti Python/django-menu/myenv/lib/python3.8/site-packages/django/middleware/common.py", line 88, in get_full_path_with_slash
    raise RuntimeError(
RuntimeError: You called this URL via POST, but the URL doesn't end in a slash and you have APPEND_SLASH set. Django can't redirect to the slash URL while maintaining POST data. Change your form to point to 127.0.0.1:8000/webhook/ (note the trailing slash), or set APPEND_SLASH=False in your Django settings.
2022-07-01 20:29:29 [ERROR   ] (log.log_response) Internal Server Error: /webhook
Traceback (most recent call last):
  File "/Users/jonathanlamela/Desktop/Progetti Python/django-menu/myenv/lib/python3.8/site-packages/django/core/handlers/exception.py", line 55, in inner
    response = get_response(request)
  File "/Users/jonathanlamela/Desktop/Progetti Python/django-menu/myenv/lib/python3.8/site-packages/django/utils/deprecation.py", line 133, in __call__
    response = self.process_request(request)
  File "/Users/jonathanlamela/Desktop/Progetti Python/django-menu/myenv/lib/python3.8/site-packages/django/middleware/common.py", line 54, in process_request
    path = self.get_full_path_with_slash(request)
  File "/Users/jonathanlamela/Desktop/Progetti Python/django-menu/myenv/lib/python3.8/site-packages/django/middleware/common.py", line 88, in get_full_path_with_slash
    raise RuntimeError(
RuntimeError: You called this URL via POST, but the URL doesn't end in a slash and you have APPEND_SLASH set. Django can't redirect to the slash URL while maintaining POST data. Change your form to point to 127.0.0.1:8000/webhook/ (note the trailing slash), or set APPEND_SLASH=False in your Django settings.
2022-07-01 20:29:29 [ERROR   ] (basehttp.log_message) "POST /webhook HTTP/1.1" 500 70307
2022-07-01 20:29:29 [ERROR   ] (basehttp.log_message) "POST /webhook HTTP/1.1" 500 70307
2022-07-01 20:29:29 [ERROR   ] (log.log_response) Internal Server Error: /webhook
Traceback (most recent call last):
  File "/Users/jonathanlamela/Desktop/Progetti Python/django-menu/myenv/lib/python3.8/site-packages/django/core/handlers/exception.py", line 55, in inner
    response = get_response(request)
  File "/Users/jonathanlamela/Desktop/Progetti Python/django-menu/myenv/lib/python3.8/site-packages/django/utils/deprecation.py", line 133, in __call__
    response = self.process_request(request)
  File "/Users/jonathanlamela/Desktop/Progetti Python/django-menu/myenv/lib/python3.8/site-packages/django/middleware/common.py", line 54, in process_request
    path = self.get_full_path_with_slash(request)
  File "/Users/jonathanlamela/Desktop/Progetti Python/django-menu/myenv/lib/python3.8/site-packages/django/middleware/common.py", line 88, in get_full_path_with_slash
    raise RuntimeError(
RuntimeError: You called this URL via POST, but the URL doesn't end in a slash and you have APPEND_SLASH set. Django can't redirect to the slash URL while maintaining POST data. Change your form to point to 127.0.0.1:8000/webhook/ (note the trailing slash), or set APPEND_SLASH=False in your Django settings.
2022-07-01 20:29:29 [ERROR   ] (log.log_response) Internal Server Error: /webhook
Traceback (most recent call last):
  File "/Users/jonathanlamela/Desktop/Progetti Python/django-menu/myenv/lib/python3.8/site-packages/django/core/handlers/exception.py", line 55, in inner
    response = get_response(request)
  File "/Users/jonathanlamela/Desktop/Progetti Python/django-menu/myenv/lib/python3.8/site-packages/django/utils/deprecation.py", line 133, in __call__
    response = self.process_request(request)
  File "/Users/jonathanlamela/Desktop/Progetti Python/django-menu/myenv/lib/python3.8/site-packages/django/middleware/common.py", line 54, in process_request
    path = self.get_full_path_with_slash(request)
  File "/Users/jonathanlamela/Desktop/Progetti Python/django-menu/myenv/lib/python3.8/site-packages/django/middleware/common.py", line 88, in get_full_path_with_slash
    raise RuntimeError(
RuntimeError: You called this URL via POST, but the URL doesn't end in a slash and you have APPEND_SLASH set. Django can't redirect to the slash URL while maintaining POST data. Change your form to point to 127.0.0.1:8000/webhook/ (note the trailing slash), or set APPEND_SLASH=False in your Django settings.
2022-07-01 20:29:29 [ERROR   ] (basehttp.log_message) "POST /webhook HTTP/1.1" 500 70307
2022-07-01 20:29:29 [ERROR   ] (basehttp.log_message) "POST /webhook HTTP/1.1" 500 70307
2022-07-01 20:29:30 [ERROR   ] (log.log_response) Internal Server Error: /webhook
Traceback (most recent call last):
  File "/Users/jonathanlamela/Desktop/Progetti Python/django-menu/myenv/lib/python3.8/site-packages/django/core/handlers/exception.py", line 55, in inner
    response = get_response(request)
  File "/Users/jonathanlamela/Desktop/Progetti Python/django-menu/myenv/lib/python3.8/site-packages/django/utils/deprecation.py", line 133, in __call__
    response = self.process_request(request)
  File "/Users/jonathanlamela/Desktop/Progetti Python/django-menu/myenv/lib/python3.8/site-packages/django/middleware/common.py", line 54, in process_request
    path = self.get_full_path_with_slash(request)
  File "/Users/jonathanlamela/Desktop/Progetti Python/django-menu/myenv/lib/python3.8/site-packages/django/middleware/common.py", line 88, in get_full_path_with_slash
    raise RuntimeError(
RuntimeError: You called this URL via POST, but the URL doesn't end in a slash and you have APPEND_SLASH set. Django can't redirect to the slash URL while maintaining POST data. Change your form to point to 127.0.0.1:8000/webhook/ (note the trailing slash), or set APPEND_SLASH=False in your Django settings.
2022-07-01 20:29:30 [ERROR   ] (log.log_response) Internal Server Error: /webhook
Traceback (most recent call last):
  File "/Users/jonathanlamela/Desktop/Progetti Python/django-menu/myenv/lib/python3.8/site-packages/django/core/handlers/exception.py", line 55, in inner
    response = get_response(request)
  File "/Users/jonathanlamela/Desktop/Progetti Python/django-menu/myenv/lib/python3.8/site-packages/django/utils/deprecation.py", line 133, in __call__
    response = self.process_request(request)
  File "/Users/jonathanlamela/Desktop/Progetti Python/django-menu/myenv/lib/python3.8/site-packages/django/middleware/common.py", line 54, in process_request
    path = self.get_full_path_with_slash(request)
  File "/Users/jonathanlamela/Desktop/Progetti Python/django-menu/myenv/lib/python3.8/site-packages/django/middleware/common.py", line 88, in get_full_path_with_slash
    raise RuntimeError(
RuntimeError: You called this URL via POST, but the URL doesn't end in a slash and you have APPEND_SLASH set. Django can't redirect to the slash URL while maintaining POST data. Change your form to point to 127.0.0.1:8000/webhook/ (note the trailing slash), or set APPEND_SLASH=False in your Django settings.
2022-07-01 20:29:30 [ERROR   ] (basehttp.log_message) "POST /webhook HTTP/1.1" 500 70307
2022-07-01 20:29:30 [ERROR   ] (basehttp.log_message) "POST /webhook HTTP/1.1" 500 70307
2022-07-01 20:29:31 [INFO    ] (basehttp.log_message) "GET /checkout/ordine/17/pagato HTTP/1.1" 200 2903
2022-07-01 20:29:31 [INFO    ] (basehttp.log_message) "GET /checkout/ordine/17/pagato HTTP/1.1" 200 2903
2022-07-01 20:30:25 [INFO    ] (util.log_info) message='Request to Stripe api' method=post path=https://api.stripe.com/v1/checkout/sessions
2022-07-01 20:30:26 [INFO    ] (util.log_info) message='Stripe API response' path=https://api.stripe.com/v1/checkout/sessions response_code=200
2022-07-01 20:30:26 [INFO    ] (basehttp.log_message) "GET /checkout/ordine/17/paga HTTP/1.1" 200 3651
2022-07-01 20:30:26 [INFO    ] (basehttp.log_message) "GET /checkout/ordine/17/paga HTTP/1.1" 200 3651
2022-07-01 20:30:26 [INFO    ] (basehttp.log_message) "POST /webhook/ HTTP/1.1" 200 0
2022-07-01 20:30:26 [INFO    ] (basehttp.log_message) "POST /webhook/ HTTP/1.1" 200 0
2022-07-01 20:30:44 [INFO    ] (basehttp.log_message) "POST /webhook/ HTTP/1.1" 200 0
2022-07-01 20:30:44 [INFO    ] (basehttp.log_message) "POST /webhook/ HTTP/1.1" 200 0
2022-07-01 20:30:44 [INFO    ] (basehttp.log_message) "POST /webhook/ HTTP/1.1" 200 0
2022-07-01 20:30:44 [INFO    ] (basehttp.log_message) "POST /webhook/ HTTP/1.1" 200 0
2022-07-01 20:30:44 [INFO    ] (basehttp.log_message) "POST /webhook/ HTTP/1.1" 200 0
2022-07-01 20:30:44 [INFO    ] (basehttp.log_message) "POST /webhook/ HTTP/1.1" 200 0
2022-07-01 20:30:44 [INFO    ] (basehttp.log_message) "POST /webhook/ HTTP/1.1" 200 0
2022-07-01 20:30:44 [INFO    ] (basehttp.log_message) "POST /webhook/ HTTP/1.1" 200 0
2022-07-01 20:30:46 [INFO    ] (basehttp.log_message) "GET /checkout/ordine/17/pagato HTTP/1.1" 200 2903
2022-07-01 20:30:46 [INFO    ] (basehttp.log_message) "GET /checkout/ordine/17/pagato HTTP/1.1" 200 2903
2022-07-01 20:30:47 [INFO    ] (basehttp.log_message) "POST /webhook/ HTTP/1.1" 200 0
2022-07-01 20:30:47 [INFO    ] (basehttp.log_message) "POST /webhook/ HTTP/1.1" 200 0
